{"C:\\Users\\aaaap\\Documents\\pyloid\\pyloid-js\\src\\index.ts": {"path":"C:\\Users\\aaaap\\Documents\\pyloid\\pyloid-js\\src\\index.ts","statementMap":{"0":{"start":{"line":1,"column":0},"end":{"line":1,"column":23}}},"fnMap":{},"branchMap":{},"s":{"0":0},"f":{},"b":{}}
,"C:\\Users\\aaaap\\Documents\\pyloid\\pyloid-js\\src\\core\\baseAPI.ts": {"path":"C:\\Users\\aaaap\\Documents\\pyloid\\pyloid-js\\src\\core\\baseAPI.ts","statementMap":{"0":{"start":{"line":391,"column":0},"end":{"line":391,"column":16}},"1":{"start":{"line":1,"column":0},"end":{"line":1,"column":58}},"2":{"start":{"line":91,"column":4},"end":{"line":93,"column":5}},"3":{"start":{"line":92,"column":6},"end":{"line":92,"column":91}},"4":{"start":{"line":96,"column":4},"end":{"line":98,"column":5}},"5":{"start":{"line":97,"column":6},"end":{"line":97,"column":43}},"6":{"start":{"line":100,"column":4},"end":{"line":100,"column":16}},"7":{"start":{"line":108,"column":4},"end":{"line":108,"column":63}},"8":{"start":{"line":108,"column":34},"end":{"line":108,"column":61}},"9":{"start":{"line":116,"column":4},"end":{"line":116,"column":67}},"10":{"start":{"line":116,"column":34},"end":{"line":116,"column":65}},"11":{"start":{"line":124,"column":4},"end":{"line":124,"column":75}},"12":{"start":{"line":124,"column":34},"end":{"line":124,"column":73}},"13":{"start":{"line":132,"column":4},"end":{"line":132,"column":61}},"14":{"start":{"line":132,"column":34},"end":{"line":132,"column":59}},"15":{"start":{"line":140,"column":4},"end":{"line":140,"column":60}},"16":{"start":{"line":140,"column":34},"end":{"line":140,"column":58}},"17":{"start":{"line":148,"column":4},"end":{"line":148,"column":60}},"18":{"start":{"line":148,"column":34},"end":{"line":148,"column":58}},"19":{"start":{"line":156,"column":4},"end":{"line":156,"column":61}},"20":{"start":{"line":156,"column":34},"end":{"line":156,"column":59}},"21":{"start":{"line":164,"column":4},"end":{"line":164,"column":68}},"22":{"start":{"line":164,"column":34},"end":{"line":164,"column":66}},"23":{"start":{"line":172,"column":4},"end":{"line":172,"column":66}},"24":{"start":{"line":172,"column":34},"end":{"line":172,"column":64}},"25":{"start":{"line":180,"column":4},"end":{"line":180,"column":72}},"26":{"start":{"line":180,"column":34},"end":{"line":180,"column":70}},"27":{"start":{"line":188,"column":4},"end":{"line":188,"column":64}},"28":{"start":{"line":188,"column":34},"end":{"line":188,"column":62}},"29":{"start":{"line":196,"column":4},"end":{"line":196,"column":64}},"30":{"start":{"line":196,"column":34},"end":{"line":196,"column":62}},"31":{"start":{"line":204,"column":4},"end":{"line":204,"column":66}},"32":{"start":{"line":204,"column":34},"end":{"line":204,"column":64}},"33":{"start":{"line":212,"column":4},"end":{"line":212,"column":70}},"34":{"start":{"line":212,"column":34},"end":{"line":212,"column":68}},"35":{"start":{"line":220,"column":4},"end":{"line":220,"column":68}},"36":{"start":{"line":220,"column":34},"end":{"line":220,"column":66}},"37":{"start":{"line":228,"column":4},"end":{"line":228,"column":67}},"38":{"start":{"line":228,"column":34},"end":{"line":228,"column":65}},"39":{"start":{"line":237,"column":4},"end":{"line":237,"column":69}},"40":{"start":{"line":237,"column":34},"end":{"line":237,"column":67}},"41":{"start":{"line":247,"column":4},"end":{"line":247,"column":76}},"42":{"start":{"line":247,"column":34},"end":{"line":247,"column":74}},"43":{"start":{"line":257,"column":4},"end":{"line":257,"column":71}},"44":{"start":{"line":257,"column":34},"end":{"line":257,"column":69}},"45":{"start":{"line":266,"column":4},"end":{"line":266,"column":69}},"46":{"start":{"line":266,"column":34},"end":{"line":266,"column":67}},"47":{"start":{"line":274,"column":4},"end":{"line":274,"column":64}},"48":{"start":{"line":274,"column":34},"end":{"line":274,"column":62}},"49":{"start":{"line":282,"column":4},"end":{"line":282,"column":64}},"50":{"start":{"line":282,"column":34},"end":{"line":282,"column":62}},"51":{"start":{"line":290,"column":4},"end":{"line":290,"column":63}},"52":{"start":{"line":290,"column":34},"end":{"line":290,"column":61}},"53":{"start":{"line":298,"column":4},"end":{"line":298,"column":67}},"54":{"start":{"line":298,"column":34},"end":{"line":298,"column":65}},"55":{"start":{"line":307,"column":4},"end":{"line":307,"column":76}},"56":{"start":{"line":307,"column":34},"end":{"line":307,"column":74}},"57":{"start":{"line":315,"column":4},"end":{"line":315,"column":72}},"58":{"start":{"line":315,"column":34},"end":{"line":315,"column":70}},"59":{"start":{"line":326,"column":4},"end":{"line":326,"column":90}},"60":{"start":{"line":326,"column":34},"end":{"line":326,"column":88}},"61":{"start":{"line":335,"column":4},"end":{"line":335,"column":73}},"62":{"start":{"line":335,"column":34},"end":{"line":335,"column":71}},"63":{"start":{"line":343,"column":4},"end":{"line":343,"column":60}},"64":{"start":{"line":343,"column":34},"end":{"line":343,"column":58}},"65":{"start":{"line":351,"column":4},"end":{"line":351,"column":67}},"66":{"start":{"line":351,"column":34},"end":{"line":351,"column":65}},"67":{"start":{"line":359,"column":4},"end":{"line":359,"column":68}},"68":{"start":{"line":359,"column":34},"end":{"line":359,"column":66}},"69":{"start":{"line":369,"column":4},"end":{"line":369,"column":77}},"70":{"start":{"line":369,"column":34},"end":{"line":369,"column":75}},"71":{"start":{"line":373,"column":4},"end":{"line":373,"column":68}},"72":{"start":{"line":373,"column":34},"end":{"line":373,"column":66}},"73":{"start":{"line":80,"column":0},"end":{"line":80,"column":13}},"74":{"start":{"line":382,"column":13},"end":{"line":382,"column":37}},"75":{"start":{"line":392,"column":2},"end":{"line":392,"column":49}}},"fnMap":{"0":{"name":"(anonymous_0)","decl":{"start":{"line":89,"column":10},"end":{"line":89,"column":15}},"loc":{"start":{"line":89,"column":51},"end":{"line":101,"column":3}}},"1":{"name":"(anonymous_1)","decl":{"start":{"line":107,"column":2},"end":{"line":107,"column":9}},"loc":{"start":{"line":107,"column":9},"end":{"line":109,"column":3}}},"2":{"name":"(anonymous_2)","decl":{"start":{"line":108,"column":28},"end":{"line":108,"column":31}},"loc":{"start":{"line":108,"column":34},"end":{"line":108,"column":61}}},"3":{"name":"(anonymous_3)","decl":{"start":{"line":115,"column":2},"end":{"line":115,"column":13}},"loc":{"start":{"line":115,"column":13},"end":{"line":117,"column":3}}},"4":{"name":"(anonymous_4)","decl":{"start":{"line":116,"column":28},"end":{"line":116,"column":31}},"loc":{"start":{"line":116,"column":34},"end":{"line":116,"column":65}}},"5":{"name":"(anonymous_5)","decl":{"start":{"line":123,"column":2},"end":{"line":123,"column":21}},"loc":{"start":{"line":123,"column":21},"end":{"line":125,"column":3}}},"6":{"name":"(anonymous_6)","decl":{"start":{"line":124,"column":28},"end":{"line":124,"column":31}},"loc":{"start":{"line":124,"column":34},"end":{"line":124,"column":73}}},"7":{"name":"(anonymous_7)","decl":{"start":{"line":131,"column":2},"end":{"line":131,"column":7}},"loc":{"start":{"line":131,"column":7},"end":{"line":133,"column":3}}},"8":{"name":"(anonymous_8)","decl":{"start":{"line":132,"column":28},"end":{"line":132,"column":31}},"loc":{"start":{"line":132,"column":34},"end":{"line":132,"column":59}}},"9":{"name":"(anonymous_9)","decl":{"start":{"line":139,"column":2},"end":{"line":139,"column":6}},"loc":{"start":{"line":139,"column":6},"end":{"line":141,"column":3}}},"10":{"name":"(anonymous_10)","decl":{"start":{"line":140,"column":28},"end":{"line":140,"column":31}},"loc":{"start":{"line":140,"column":34},"end":{"line":140,"column":58}}},"11":{"name":"(anonymous_11)","decl":{"start":{"line":147,"column":2},"end":{"line":147,"column":6}},"loc":{"start":{"line":147,"column":6},"end":{"line":149,"column":3}}},"12":{"name":"(anonymous_12)","decl":{"start":{"line":148,"column":28},"end":{"line":148,"column":31}},"loc":{"start":{"line":148,"column":34},"end":{"line":148,"column":58}}},"13":{"name":"(anonymous_13)","decl":{"start":{"line":155,"column":2},"end":{"line":155,"column":7}},"loc":{"start":{"line":155,"column":7},"end":{"line":157,"column":3}}},"14":{"name":"(anonymous_14)","decl":{"start":{"line":156,"column":28},"end":{"line":156,"column":31}},"loc":{"start":{"line":156,"column":34},"end":{"line":156,"column":59}}},"15":{"name":"(anonymous_15)","decl":{"start":{"line":163,"column":2},"end":{"line":163,"column":14}},"loc":{"start":{"line":163,"column":14},"end":{"line":165,"column":3}}},"16":{"name":"(anonymous_16)","decl":{"start":{"line":164,"column":28},"end":{"line":164,"column":31}},"loc":{"start":{"line":164,"column":34},"end":{"line":164,"column":66}}},"17":{"name":"(anonymous_17)","decl":{"start":{"line":171,"column":2},"end":{"line":171,"column":12}},"loc":{"start":{"line":171,"column":12},"end":{"line":173,"column":3}}},"18":{"name":"(anonymous_18)","decl":{"start":{"line":172,"column":28},"end":{"line":172,"column":31}},"loc":{"start":{"line":172,"column":34},"end":{"line":172,"column":64}}},"19":{"name":"(anonymous_19)","decl":{"start":{"line":179,"column":2},"end":{"line":179,"column":18}},"loc":{"start":{"line":179,"column":18},"end":{"line":181,"column":3}}},"20":{"name":"(anonymous_20)","decl":{"start":{"line":180,"column":28},"end":{"line":180,"column":31}},"loc":{"start":{"line":180,"column":34},"end":{"line":180,"column":70}}},"21":{"name":"(anonymous_21)","decl":{"start":{"line":187,"column":2},"end":{"line":187,"column":10}},"loc":{"start":{"line":187,"column":10},"end":{"line":189,"column":3}}},"22":{"name":"(anonymous_22)","decl":{"start":{"line":188,"column":28},"end":{"line":188,"column":31}},"loc":{"start":{"line":188,"column":34},"end":{"line":188,"column":62}}},"23":{"name":"(anonymous_23)","decl":{"start":{"line":195,"column":2},"end":{"line":195,"column":10}},"loc":{"start":{"line":195,"column":10},"end":{"line":197,"column":3}}},"24":{"name":"(anonymous_24)","decl":{"start":{"line":196,"column":28},"end":{"line":196,"column":31}},"loc":{"start":{"line":196,"column":34},"end":{"line":196,"column":62}}},"25":{"name":"(anonymous_25)","decl":{"start":{"line":203,"column":2},"end":{"line":203,"column":12}},"loc":{"start":{"line":203,"column":12},"end":{"line":205,"column":3}}},"26":{"name":"(anonymous_26)","decl":{"start":{"line":204,"column":28},"end":{"line":204,"column":31}},"loc":{"start":{"line":204,"column":34},"end":{"line":204,"column":64}}},"27":{"name":"(anonymous_27)","decl":{"start":{"line":211,"column":2},"end":{"line":211,"column":16}},"loc":{"start":{"line":211,"column":16},"end":{"line":213,"column":3}}},"28":{"name":"(anonymous_28)","decl":{"start":{"line":212,"column":28},"end":{"line":212,"column":31}},"loc":{"start":{"line":212,"column":34},"end":{"line":212,"column":68}}},"29":{"name":"(anonymous_29)","decl":{"start":{"line":219,"column":2},"end":{"line":219,"column":14}},"loc":{"start":{"line":219,"column":14},"end":{"line":221,"column":3}}},"30":{"name":"(anonymous_30)","decl":{"start":{"line":220,"column":28},"end":{"line":220,"column":31}},"loc":{"start":{"line":220,"column":34},"end":{"line":220,"column":66}}},"31":{"name":"(anonymous_31)","decl":{"start":{"line":227,"column":2},"end":{"line":227,"column":13}},"loc":{"start":{"line":227,"column":13},"end":{"line":229,"column":3}}},"32":{"name":"(anonymous_32)","decl":{"start":{"line":228,"column":28},"end":{"line":228,"column":31}},"loc":{"start":{"line":228,"column":34},"end":{"line":228,"column":65}}},"33":{"name":"(anonymous_33)","decl":{"start":{"line":236,"column":2},"end":{"line":236,"column":10}},"loc":{"start":{"line":236,"column":24},"end":{"line":238,"column":3}}},"34":{"name":"(anonymous_34)","decl":{"start":{"line":237,"column":28},"end":{"line":237,"column":31}},"loc":{"start":{"line":237,"column":34},"end":{"line":237,"column":67}}},"35":{"name":"(anonymous_35)","decl":{"start":{"line":246,"column":2},"end":{"line":246,"column":9}},"loc":{"start":{"line":246,"column":39},"end":{"line":248,"column":3}}},"36":{"name":"(anonymous_36)","decl":{"start":{"line":247,"column":28},"end":{"line":247,"column":31}},"loc":{"start":{"line":247,"column":34},"end":{"line":247,"column":74}}},"37":{"name":"(anonymous_37)","decl":{"start":{"line":256,"column":2},"end":{"line":256,"column":13}},"loc":{"start":{"line":256,"column":34},"end":{"line":258,"column":3}}},"38":{"name":"(anonymous_38)","decl":{"start":{"line":257,"column":28},"end":{"line":257,"column":31}},"loc":{"start":{"line":257,"column":34},"end":{"line":257,"column":69}}},"39":{"name":"(anonymous_39)","decl":{"start":{"line":265,"column":2},"end":{"line":265,"column":10}},"loc":{"start":{"line":265,"column":25},"end":{"line":267,"column":3}}},"40":{"name":"(anonymous_40)","decl":{"start":{"line":266,"column":28},"end":{"line":266,"column":31}},"loc":{"start":{"line":266,"column":34},"end":{"line":266,"column":67}}},"41":{"name":"(anonymous_41)","decl":{"start":{"line":273,"column":2},"end":{"line":273,"column":10}},"loc":{"start":{"line":273,"column":10},"end":{"line":275,"column":3}}},"42":{"name":"(anonymous_42)","decl":{"start":{"line":274,"column":28},"end":{"line":274,"column":31}},"loc":{"start":{"line":274,"column":34},"end":{"line":274,"column":62}}},"43":{"name":"(anonymous_43)","decl":{"start":{"line":281,"column":2},"end":{"line":281,"column":10}},"loc":{"start":{"line":281,"column":10},"end":{"line":283,"column":3}}},"44":{"name":"(anonymous_44)","decl":{"start":{"line":282,"column":28},"end":{"line":282,"column":31}},"loc":{"start":{"line":282,"column":34},"end":{"line":282,"column":62}}},"45":{"name":"(anonymous_45)","decl":{"start":{"line":289,"column":2},"end":{"line":289,"column":9}},"loc":{"start":{"line":289,"column":9},"end":{"line":291,"column":3}}},"46":{"name":"(anonymous_46)","decl":{"start":{"line":290,"column":28},"end":{"line":290,"column":31}},"loc":{"start":{"line":290,"column":34},"end":{"line":290,"column":61}}},"47":{"name":"(anonymous_47)","decl":{"start":{"line":297,"column":2},"end":{"line":297,"column":13}},"loc":{"start":{"line":297,"column":13},"end":{"line":299,"column":3}}},"48":{"name":"(anonymous_48)","decl":{"start":{"line":298,"column":28},"end":{"line":298,"column":31}},"loc":{"start":{"line":298,"column":34},"end":{"line":298,"column":65}}},"49":{"name":"(anonymous_49)","decl":{"start":{"line":306,"column":2},"end":{"line":306,"column":18}},"loc":{"start":{"line":306,"column":31},"end":{"line":308,"column":3}}},"50":{"name":"(anonymous_50)","decl":{"start":{"line":307,"column":28},"end":{"line":307,"column":31}},"loc":{"start":{"line":307,"column":34},"end":{"line":307,"column":74}}},"51":{"name":"(anonymous_51)","decl":{"start":{"line":314,"column":2},"end":{"line":314,"column":18}},"loc":{"start":{"line":314,"column":18},"end":{"line":316,"column":3}}},"52":{"name":"(anonymous_52)","decl":{"start":{"line":315,"column":28},"end":{"line":315,"column":31}},"loc":{"start":{"line":315,"column":34},"end":{"line":315,"column":70}}},"53":{"name":"(anonymous_53)","decl":{"start":{"line":325,"column":2},"end":{"line":325,"column":19}},"loc":{"start":{"line":325,"column":53},"end":{"line":327,"column":3}}},"54":{"name":"(anonymous_54)","decl":{"start":{"line":326,"column":28},"end":{"line":326,"column":31}},"loc":{"start":{"line":326,"column":34},"end":{"line":326,"column":88}}},"55":{"name":"(anonymous_55)","decl":{"start":{"line":334,"column":2},"end":{"line":334,"column":19}},"loc":{"start":{"line":334,"column":19},"end":{"line":336,"column":3}}},"56":{"name":"(anonymous_56)","decl":{"start":{"line":335,"column":28},"end":{"line":335,"column":31}},"loc":{"start":{"line":335,"column":34},"end":{"line":335,"column":71}}},"57":{"name":"(anonymous_57)","decl":{"start":{"line":342,"column":2},"end":{"line":342,"column":6}},"loc":{"start":{"line":342,"column":6},"end":{"line":344,"column":3}}},"58":{"name":"(anonymous_58)","decl":{"start":{"line":343,"column":28},"end":{"line":343,"column":31}},"loc":{"start":{"line":343,"column":34},"end":{"line":343,"column":58}}},"59":{"name":"(anonymous_59)","decl":{"start":{"line":350,"column":2},"end":{"line":350,"column":13}},"loc":{"start":{"line":350,"column":13},"end":{"line":352,"column":3}}},"60":{"name":"(anonymous_60)","decl":{"start":{"line":351,"column":28},"end":{"line":351,"column":31}},"loc":{"start":{"line":351,"column":34},"end":{"line":351,"column":65}}},"61":{"name":"(anonymous_61)","decl":{"start":{"line":358,"column":2},"end":{"line":358,"column":14}},"loc":{"start":{"line":358,"column":14},"end":{"line":360,"column":3}}},"62":{"name":"(anonymous_62)","decl":{"start":{"line":359,"column":28},"end":{"line":359,"column":31}},"loc":{"start":{"line":359,"column":34},"end":{"line":359,"column":66}}},"63":{"name":"(anonymous_63)","decl":{"start":{"line":368,"column":2},"end":{"line":368,"column":19}},"loc":{"start":{"line":368,"column":32},"end":{"line":370,"column":3}}},"64":{"name":"(anonymous_64)","decl":{"start":{"line":369,"column":28},"end":{"line":369,"column":31}},"loc":{"start":{"line":369,"column":34},"end":{"line":369,"column":75}}},"65":{"name":"(anonymous_65)","decl":{"start":{"line":372,"column":2},"end":{"line":372,"column":14}},"loc":{"start":{"line":372,"column":14},"end":{"line":374,"column":3}}},"66":{"name":"(anonymous_66)","decl":{"start":{"line":373,"column":28},"end":{"line":373,"column":31}},"loc":{"start":{"line":373,"column":34},"end":{"line":373,"column":66}}},"67":{"name":"emitPyloidReadyEvent","decl":{"start":{"line":391,"column":16},"end":{"line":391,"column":36}},"loc":{"start":{"line":391,"column":36},"end":{"line":393,"column":1}}}},"branchMap":{"0":{"loc":{"start":{"line":91,"column":4},"end":{"line":93,"column":5}},"type":"if","locations":[{"start":{"line":91,"column":4},"end":{"line":93,"column":5}}]},"1":{"loc":{"start":{"line":96,"column":4},"end":{"line":98,"column":5}},"type":"if","locations":[{"start":{"line":96,"column":4},"end":{"line":98,"column":5}}]}},"s":{"0":0,"1":0,"2":0,"3":0,"4":0,"5":0,"6":0,"7":0,"8":0,"9":0,"10":0,"11":0,"12":0,"13":0,"14":0,"15":0,"16":0,"17":0,"18":0,"19":0,"20":0,"21":0,"22":0,"23":0,"24":0,"25":0,"26":0,"27":0,"28":0,"29":0,"30":0,"31":0,"32":0,"33":0,"34":0,"35":0,"36":0,"37":0,"38":0,"39":0,"40":0,"41":0,"42":0,"43":0,"44":0,"45":0,"46":0,"47":0,"48":0,"49":0,"50":0,"51":0,"52":0,"53":0,"54":0,"55":0,"56":0,"57":0,"58":0,"59":0,"60":0,"61":0,"62":0,"63":0,"64":0,"65":0,"66":0,"67":0,"68":0,"69":0,"70":0,"71":0,"72":0,"73":0,"74":0,"75":0},"f":{"0":0,"1":0,"2":0,"3":0,"4":0,"5":0,"6":0,"7":0,"8":0,"9":0,"10":0,"11":0,"12":0,"13":0,"14":0,"15":0,"16":0,"17":0,"18":0,"19":0,"20":0,"21":0,"22":0,"23":0,"24":0,"25":0,"26":0,"27":0,"28":0,"29":0,"30":0,"31":0,"32":0,"33":0,"34":0,"35":0,"36":0,"37":0,"38":0,"39":0,"40":0,"41":0,"42":0,"43":0,"44":0,"45":0,"46":0,"47":0,"48":0,"49":0,"50":0,"51":0,"52":0,"53":0,"54":0,"55":0,"56":0,"57":0,"58":0,"59":0,"60":0,"61":0,"62":0,"63":0,"64":0,"65":0,"66":0,"67":0},"b":{"0":[0],"1":[0]}}
,"C:\\Users\\aaaap\\Documents\\pyloid\\pyloid-js\\src\\core\\event.ts": {"path":"C:\\Users\\aaaap\\Documents\\pyloid\\pyloid-js\\src\\core\\event.ts","statementMap":{"0":{"start":{"line":11,"column":10},"end":{"line":11,"column":42}},"1":{"start":{"line":20,"column":4},"end":{"line":22,"column":5}},"2":{"start":{"line":21,"column":6},"end":{"line":21,"column":38}},"3":{"start":{"line":25,"column":4},"end":{"line":25,"column":69}},"4":{"start":{"line":28,"column":25},"end":{"line":36,"column":5}},"5":{"start":{"line":30,"column":6},"end":{"line":34,"column":7}},"6":{"start":{"line":31,"column":8},"end":{"line":31,"column":95}},"7":{"start":{"line":33,"column":8},"end":{"line":33,"column":33}},"8":{"start":{"line":35,"column":6},"end":{"line":35,"column":26}},"9":{"start":{"line":39,"column":5},"end":{"line":39,"column":51}},"10":{"start":{"line":42,"column":4},"end":{"line":42,"column":72}},"11":{"start":{"line":51,"column":4},"end":{"line":60,"column":5}},"12":{"start":{"line":52,"column":6},"end":{"line":57,"column":9}},"13":{"start":{"line":53,"column":30},"end":{"line":53,"column":60}},"14":{"start":{"line":54,"column":8},"end":{"line":56,"column":9}},"15":{"start":{"line":55,"column":10},"end":{"line":55,"column":81}},"16":{"start":{"line":59,"column":6},"end":{"line":59,"column":40}},"17":{"start":{"line":67,"column":4},"end":{"line":69,"column":7}},"18":{"start":{"line":68,"column":6},"end":{"line":68,"column":31}},"19":{"start":{"line":10,"column":0},"end":{"line":10,"column":13}},"20":{"start":{"line":74,"column":13},"end":{"line":74,"column":36}}},"fnMap":{"0":{"name":"(anonymous_0)","decl":{"start":{"line":10,"column":0},"end":{"line":10,"column":13}},"loc":{"start":{"line":10,"column":0},"end":{"line":71,"column":1}}},"1":{"name":"(anonymous_1)","decl":{"start":{"line":18,"column":2},"end":{"line":18,"column":8}},"loc":{"start":{"line":18,"column":64},"end":{"line":43,"column":3}}},"2":{"name":"(anonymous_2)","decl":{"start":{"line":28,"column":25},"end":{"line":28,"column":26}},"loc":{"start":{"line":28,"column":48},"end":{"line":36,"column":5}}},"3":{"name":"(anonymous_3)","decl":{"start":{"line":49,"column":2},"end":{"line":49,"column":10}},"loc":{"start":{"line":49,"column":28},"end":{"line":61,"column":3}}},"4":{"name":"(anonymous_4)","decl":{"start":{"line":52,"column":41},"end":{"line":52,"column":42}},"loc":{"start":{"line":52,"column":54},"end":{"line":57,"column":7}}},"5":{"name":"(anonymous_5)","decl":{"start":{"line":66,"column":2},"end":{"line":66,"column":19}},"loc":{"start":{"line":66,"column":19},"end":{"line":70,"column":3}}},"6":{"name":"(anonymous_6)","decl":{"start":{"line":67,"column":41},"end":{"line":67,"column":42}},"loc":{"start":{"line":67,"column":55},"end":{"line":69,"column":5}}}},"branchMap":{"0":{"loc":{"start":{"line":20,"column":4},"end":{"line":22,"column":5}},"type":"if","locations":[{"start":{"line":20,"column":4},"end":{"line":22,"column":5}}]},"1":{"loc":{"start":{"line":31,"column":20},"end":{"line":31,"column":94}},"type":"cond-expr","locations":[{"start":{"line":31,"column":55},"end":{"line":31,"column":79}},{"start":{"line":31,"column":82},"end":{"line":31,"column":94}}]},"2":{"loc":{"start":{"line":51,"column":4},"end":{"line":60,"column":5}},"type":"if","locations":[{"start":{"line":51,"column":4},"end":{"line":60,"column":5}}]},"3":{"loc":{"start":{"line":54,"column":8},"end":{"line":56,"column":9}},"type":"if","locations":[{"start":{"line":54,"column":8},"end":{"line":56,"column":9}}]}},"s":{"0":0,"1":0,"2":0,"3":0,"4":0,"5":0,"6":0,"7":0,"8":0,"9":0,"10":0,"11":0,"12":0,"13":0,"14":0,"15":0,"16":0,"17":0,"18":0,"19":0,"20":0},"f":{"0":0,"1":0,"2":0,"3":0,"4":0,"5":0,"6":0},"b":{"0":[0],"1":[0,0],"2":[0],"3":[0]}}
,"C:\\Users\\aaaap\\Documents\\pyloid\\pyloid-js\\src\\core\\http.ts": {"path":"C:\\Users\\aaaap\\Documents\\pyloid\\pyloid-js\\src\\core\\http.ts","statementMap":{"0":{"start":{"line":338,"column":0},"end":{"line":338,"column":7}},"1":{"start":{"line":397,"column":0},"end":{"line":397,"column":16}},"2":{"start":{"line":431,"column":0},"end":{"line":431,"column":16}},"3":{"start":{"line":465,"column":0},"end":{"line":465,"column":16}},"4":{"start":{"line":499,"column":0},"end":{"line":499,"column":16}},"5":{"start":{"line":24,"column":0},"end":{"line":24,"column":36}},"6":{"start":{"line":38,"column":31},"end":{"line":38,"column":35}},"7":{"start":{"line":39,"column":47},"end":{"line":39,"column":51}},"8":{"start":{"line":40,"column":30},"end":{"line":40,"column":34}},"9":{"start":{"line":41,"column":46},"end":{"line":41,"column":50}},"10":{"start":{"line":61,"column":2},"end":{"line":70,"column":3}},"11":{"start":{"line":62,"column":4},"end":{"line":62,"column":55}},"12":{"start":{"line":63,"column":16},"end":{"line":63,"column":44}},"13":{"start":{"line":64,"column":4},"end":{"line":64,"column":20}},"14":{"start":{"line":65,"column":4},"end":{"line":65,"column":61}},"15":{"start":{"line":66,"column":4},"end":{"line":66,"column":15}},"16":{"start":{"line":68,"column":4},"end":{"line":68,"column":73}},"17":{"start":{"line":69,"column":4},"end":{"line":69,"column":58}},"18":{"start":{"line":90,"column":2},"end":{"line":99,"column":3}},"19":{"start":{"line":91,"column":4},"end":{"line":91,"column":54}},"20":{"start":{"line":92,"column":15},"end":{"line":92,"column":42}},"21":{"start":{"line":93,"column":4},"end":{"line":93,"column":18}},"22":{"start":{"line":94,"column":4},"end":{"line":94,"column":54}},"23":{"start":{"line":95,"column":4},"end":{"line":95,"column":14}},"24":{"start":{"line":97,"column":4},"end":{"line":97,"column":72}},"25":{"start":{"line":98,"column":4},"end":{"line":98,"column":57}},"26":{"start":{"line":123,"column":2},"end":{"line":125,"column":3}},"27":{"start":{"line":124,"column":4},"end":{"line":124,"column":16}},"28":{"start":{"line":128,"column":18},"end":{"line":128,"column":46}},"29":{"start":{"line":131,"column":20},"end":{"line":131,"column":43}},"30":{"start":{"line":134,"column":2},"end":{"line":134,"column":35}},"31":{"start":{"line":150,"column":2},"end":{"line":155,"column":3}},"32":{"start":{"line":151,"column":4},"end":{"line":153,"column":5}},"33":{"start":{"line":152,"column":6},"end":{"line":152,"column":47}},"34":{"start":{"line":154,"column":4},"end":{"line":154,"column":27}},"35":{"start":{"line":156,"column":2},"end":{"line":158,"column":3}},"36":{"start":{"line":157,"column":4},"end":{"line":157,"column":60}},"37":{"start":{"line":181,"column":2},"end":{"line":186,"column":3}},"38":{"start":{"line":182,"column":4},"end":{"line":184,"column":5}},"39":{"start":{"line":183,"column":6},"end":{"line":183,"column":45}},"40":{"start":{"line":185,"column":4},"end":{"line":185,"column":26}},"41":{"start":{"line":187,"column":2},"end":{"line":189,"column":3}},"42":{"start":{"line":188,"column":4},"end":{"line":188,"column":59}},"43":{"start":{"line":340,"column":2},"end":{"line":340,"column":81}},"44":{"start":{"line":343,"column":20},"end":{"line":343,"column":34}},"45":{"start":{"line":346,"column":22},"end":{"line":346,"column":53}},"46":{"start":{"line":348,"column":2},"end":{"line":348,"column":91}},"47":{"start":{"line":351,"column":26},"end":{"line":357,"column":4}},"48":{"start":{"line":359,"column":2},"end":{"line":364,"column":3}},"49":{"start":{"line":360,"column":4},"end":{"line":360,"column":64}},"50":{"start":{"line":362,"column":4},"end":{"line":362,"column":56}},"51":{"start":{"line":363,"column":4},"end":{"line":363,"column":16}},"52":{"start":{"line":398,"column":2},"end":{"line":398,"column":19}},"53":{"start":{"line":432,"column":2},"end":{"line":432,"column":28}},"54":{"start":{"line":466,"column":2},"end":{"line":466,"column":18}},"55":{"start":{"line":500,"column":2},"end":{"line":500,"column":27}},"56":{"start":{"line":538,"column":13},"end":{"line":538,"column":46}}},"fnMap":{"0":{"name":"initializeServerUrl","decl":{"start":{"line":60,"column":15},"end":{"line":60,"column":34}},"loc":{"start":{"line":60,"column":34},"end":{"line":71,"column":1}}},"1":{"name":"initializeWindowId","decl":{"start":{"line":89,"column":15},"end":{"line":89,"column":33}},"loc":{"start":{"line":89,"column":33},"end":{"line":100,"column":1}}},"2":{"name":"buildUrl","decl":{"start":{"line":121,"column":9},"end":{"line":121,"column":17}},"loc":{"start":{"line":121,"column":49},"end":{"line":135,"column":1}}},"3":{"name":"ensureServerUrlInitialized","decl":{"start":{"line":149,"column":15},"end":{"line":149,"column":41}},"loc":{"start":{"line":149,"column":41},"end":{"line":159,"column":1}}},"4":{"name":"ensureWindowIdInitialized","decl":{"start":{"line":180,"column":15},"end":{"line":180,"column":40}},"loc":{"start":{"line":180,"column":40},"end":{"line":190,"column":1}}},"5":{"name":"fetch","decl":{"start":{"line":338,"column":22},"end":{"line":338,"column":27}},"loc":{"start":{"line":338,"column":77},"end":{"line":365,"column":1}}},"6":{"name":"getServerUrl","decl":{"start":{"line":397,"column":16},"end":{"line":397,"column":28}},"loc":{"start":{"line":397,"column":28},"end":{"line":399,"column":1}}},"7":{"name":"isServerUrlReady","decl":{"start":{"line":431,"column":16},"end":{"line":431,"column":32}},"loc":{"start":{"line":431,"column":32},"end":{"line":433,"column":1}}},"8":{"name":"getWindowId","decl":{"start":{"line":465,"column":16},"end":{"line":465,"column":27}},"loc":{"start":{"line":465,"column":27},"end":{"line":467,"column":1}}},"9":{"name":"isWindowIdReady","decl":{"start":{"line":499,"column":16},"end":{"line":499,"column":31}},"loc":{"start":{"line":499,"column":31},"end":{"line":501,"column":1}}}},"branchMap":{"0":{"loc":{"start":{"line":123,"column":2},"end":{"line":125,"column":3}},"type":"if","locations":[{"start":{"line":123,"column":2},"end":{"line":125,"column":3}}]},"1":{"loc":{"start":{"line":123,"column":6},"end":{"line":123,"column":63}},"type":"binary-expr","locations":[{"start":{"line":123,"column":6},"end":{"line":123,"column":32}},{"start":{"line":123,"column":36},"end":{"line":123,"column":63}}]},"2":{"loc":{"start":{"line":150,"column":2},"end":{"line":155,"column":3}},"type":"if","locations":[{"start":{"line":150,"column":2},"end":{"line":155,"column":3}}]},"3":{"loc":{"start":{"line":151,"column":4},"end":{"line":153,"column":5}},"type":"if","locations":[{"start":{"line":151,"column":4},"end":{"line":153,"column":5}}]},"4":{"loc":{"start":{"line":156,"column":2},"end":{"line":158,"column":3}},"type":"if","locations":[{"start":{"line":156,"column":2},"end":{"line":158,"column":3}}]},"5":{"loc":{"start":{"line":181,"column":2},"end":{"line":186,"column":3}},"type":"if","locations":[{"start":{"line":181,"column":2},"end":{"line":186,"column":3}}]},"6":{"loc":{"start":{"line":182,"column":4},"end":{"line":184,"column":5}},"type":"if","locations":[{"start":{"line":182,"column":4},"end":{"line":184,"column":5}}]},"7":{"loc":{"start":{"line":187,"column":2},"end":{"line":189,"column":3}},"type":"if","locations":[{"start":{"line":187,"column":2},"end":{"line":189,"column":3}}]},"8":{"loc":{"start":{"line":338,"column":52},"end":{"line":338,"column":77}},"type":"default-arg","locations":[{"start":{"line":338,"column":75},"end":{"line":338,"column":77}}]}},"s":{"0":0,"1":0,"2":0,"3":0,"4":0,"5":0,"6":0,"7":0,"8":0,"9":0,"10":0,"11":0,"12":0,"13":0,"14":0,"15":0,"16":0,"17":0,"18":0,"19":0,"20":0,"21":0,"22":0,"23":0,"24":0,"25":0,"26":0,"27":0,"28":0,"29":0,"30":0,"31":0,"32":0,"33":0,"34":0,"35":0,"36":0,"37":0,"38":0,"39":0,"40":0,"41":0,"42":0,"43":0,"44":0,"45":0,"46":0,"47":0,"48":0,"49":0,"50":0,"51":0,"52":0,"53":0,"54":0,"55":0,"56":0},"f":{"0":0,"1":0,"2":0,"3":0,"4":0,"5":0,"6":0,"7":0,"8":0,"9":0},"b":{"0":[0],"1":[0,0],"2":[0],"3":[0],"4":[0],"5":[0],"6":[0],"7":[0],"8":[0]}}
,"C:\\Users\\aaaap\\Documents\\pyloid\\pyloid-js\\src\\core\\index.ts": {"path":"C:\\Users\\aaaap\\Documents\\pyloid\\pyloid-js\\src\\core\\index.ts","statementMap":{"0":{"start":{"line":3,"column":0},"end":{"line":3,"column":26}},"1":{"start":{"line":4,"column":0},"end":{"line":4,"column":22}},"2":{"start":{"line":5,"column":0},"end":{"line":5,"column":24}},"3":{"start":{"line":6,"column":0},"end":{"line":6,"column":37}},"4":{"start":{"line":7,"column":0},"end":{"line":7,"column":23}}},"fnMap":{},"branchMap":{},"s":{"0":0,"1":0,"2":0,"3":0,"4":0},"f":{},"b":{}}
,"C:\\Users\\aaaap\\Documents\\pyloid\\pyloid-js\\src\\core\\pyloidReadyManager.ts": {"path":"C:\\Users\\aaaap\\Documents\\pyloid\\pyloid-js\\src\\core\\pyloidReadyManager.ts","statementMap":{"0":{"start":{"line":20,"column":22},"end":{"line":20,"column":38}},"1":{"start":{"line":20,"column":50},"end":{"line":20,"column":68}},"2":{"start":{"line":7,"column":10},"end":{"line":7,"column":33}},"3":{"start":{"line":11,"column":10},"end":{"line":11,"column":48}},"4":{"start":{"line":12,"column":10},"end":{"line":12,"column":47}},"5":{"start":{"line":21,"column":4},"end":{"line":73,"column":7}},"6":{"start":{"line":22,"column":6},"end":{"line":22,"column":41}},"7":{"start":{"line":23,"column":6},"end":{"line":23,"column":39}},"8":{"start":{"line":26,"column":32},"end":{"line":59,"column":7}},"9":{"start":{"line":28,"column":8},"end":{"line":58,"column":9}},"10":{"start":{"line":29,"column":10},"end":{"line":29,"column":75}},"11":{"start":{"line":30,"column":10},"end":{"line":30,"column":26}},"12":{"start":{"line":31,"column":15},"end":{"line":58,"column":9}},"13":{"start":{"line":32,"column":10},"end":{"line":34,"column":12}},"14":{"start":{"line":36,"column":10},"end":{"line":42,"column":33}},"15":{"start":{"line":37,"column":12},"end":{"line":41,"column":13}},"16":{"start":{"line":38,"column":14},"end":{"line":38,"column":79}},"17":{"start":{"line":39,"column":14},"end":{"line":39,"column":33}},"18":{"start":{"line":40,"column":14},"end":{"line":40,"column":30}},"19":{"start":{"line":45,"column":10},"end":{"line":53,"column":35}},"20":{"start":{"line":46,"column":12},"end":{"line":52,"column":13}},"21":{"start":{"line":47,"column":14},"end":{"line":49,"column":16}},"22":{"start":{"line":50,"column":14},"end":{"line":50,"column":33}},"23":{"start":{"line":51,"column":14},"end":{"line":51,"column":85}},"24":{"start":{"line":56,"column":10},"end":{"line":56,"column":114}},"25":{"start":{"line":62,"column":6},"end":{"line":72,"column":7}},"26":{"start":{"line":63,"column":8},"end":{"line":63,"column":28}},"27":{"start":{"line":67,"column":8},"end":{"line":71,"column":9}},"28":{"start":{"line":70,"column":10},"end":{"line":70,"column":101}},"29":{"start":{"line":81,"column":4},"end":{"line":84,"column":5}},"30":{"start":{"line":82,"column":6},"end":{"line":82,"column":49}},"31":{"start":{"line":83,"column":6},"end":{"line":83,"column":34}},"32":{"start":{"line":85,"column":4},"end":{"line":88,"column":5}},"33":{"start":{"line":86,"column":6},"end":{"line":86,"column":47}},"34":{"start":{"line":87,"column":6},"end":{"line":87,"column":33}},"35":{"start":{"line":97,"column":4},"end":{"line":103,"column":5}},"36":{"start":{"line":99,"column":6},"end":{"line":99,"column":24}},"37":{"start":{"line":100,"column":6},"end":{"line":100,"column":25}},"38":{"start":{"line":101,"column":6},"end":{"line":101,"column":58}},"39":{"start":{"line":102,"column":6},"end":{"line":102,"column":33}},"40":{"start":{"line":111,"column":4},"end":{"line":111,"column":22}},"41":{"start":{"line":121,"column":4},"end":{"line":121,"column":29}},"42":{"start":{"line":6,"column":0},"end":{"line":6,"column":13}},"43":{"start":{"line":129,"column":13},"end":{"line":129,"column":59}}},"fnMap":{"0":{"name":"(anonymous_0)","decl":{"start":{"line":20,"column":2},"end":{"line":20,"column":22}},"loc":{"start":{"line":20,"column":73},"end":{"line":74,"column":3}}},"1":{"name":"(anonymous_1)","decl":{"start":{"line":21,"column":42},"end":{"line":21,"column":43}},"loc":{"start":{"line":21,"column":62},"end":{"line":73,"column":5}}},"2":{"name":"(anonymous_2)","decl":{"start":{"line":26,"column":32},"end":{"line":26,"column":35}},"loc":{"start":{"line":26,"column":37},"end":{"line":59,"column":7}}},"3":{"name":"(anonymous_3)","decl":{"start":{"line":36,"column":52},"end":{"line":36,"column":55}},"loc":{"start":{"line":36,"column":57},"end":{"line":42,"column":11}}},"4":{"name":"(anonymous_4)","decl":{"start":{"line":45,"column":50},"end":{"line":45,"column":53}},"loc":{"start":{"line":45,"column":55},"end":{"line":53,"column":11}}},"5":{"name":"(anonymous_5)","decl":{"start":{"line":80,"column":10},"end":{"line":80,"column":21}},"loc":{"start":{"line":80,"column":21},"end":{"line":89,"column":3}}},"6":{"name":"(anonymous_6)","decl":{"start":{"line":96,"column":2},"end":{"line":96,"column":10}},"loc":{"start":{"line":96,"column":10},"end":{"line":104,"column":3}}},"7":{"name":"(anonymous_7)","decl":{"start":{"line":110,"column":2},"end":{"line":110,"column":9}},"loc":{"start":{"line":110,"column":9},"end":{"line":112,"column":3}}},"8":{"name":"(anonymous_8)","decl":{"start":{"line":120,"column":2},"end":{"line":120,"column":11}},"loc":{"start":{"line":120,"column":11},"end":{"line":122,"column":3}}}},"branchMap":{"0":{"loc":{"start":{"line":20,"column":22},"end":{"line":20,"column":40}},"type":"default-arg","locations":[{"start":{"line":20,"column":38},"end":{"line":20,"column":40}}]},"1":{"loc":{"start":{"line":20,"column":50},"end":{"line":20,"column":73}},"type":"default-arg","locations":[{"start":{"line":20,"column":68},"end":{"line":20,"column":73}}]},"2":{"loc":{"start":{"line":28,"column":8},"end":{"line":58,"column":9}},"type":"if","locations":[{"start":{"line":28,"column":8},"end":{"line":58,"column":9}},{"start":{"line":31,"column":15},"end":{"line":58,"column":9}}]},"3":{"loc":{"start":{"line":28,"column":12},"end":{"line":28,"column":62}},"type":"binary-expr","locations":[{"start":{"line":28,"column":12},"end":{"line":28,"column":41}},{"start":{"line":28,"column":45},"end":{"line":28,"column":62}}]},"4":{"loc":{"start":{"line":31,"column":15},"end":{"line":58,"column":9}},"type":"if","locations":[{"start":{"line":31,"column":15},"end":{"line":58,"column":9}},{"start":{"line":54,"column":15},"end":{"line":58,"column":9}}]},"5":{"loc":{"start":{"line":37,"column":12},"end":{"line":41,"column":13}},"type":"if","locations":[{"start":{"line":37,"column":12},"end":{"line":41,"column":13}}]},"6":{"loc":{"start":{"line":46,"column":12},"end":{"line":52,"column":13}},"type":"if","locations":[{"start":{"line":46,"column":12},"end":{"line":52,"column":13}}]},"7":{"loc":{"start":{"line":62,"column":6},"end":{"line":72,"column":7}},"type":"if","locations":[{"start":{"line":62,"column":6},"end":{"line":72,"column":7}},{"start":{"line":64,"column":13},"end":{"line":72,"column":7}}]},"8":{"loc":{"start":{"line":67,"column":8},"end":{"line":71,"column":9}},"type":"if","locations":[{"start":{"line":67,"column":8},"end":{"line":71,"column":9}}]},"9":{"loc":{"start":{"line":67,"column":12},"end":{"line":67,"column":98}},"type":"binary-expr","locations":[{"start":{"line":67,"column":12},"end":{"line":67,"column":45}},{"start":{"line":67,"column":49},"end":{"line":67,"column":98}}]},"10":{"loc":{"start":{"line":81,"column":4},"end":{"line":84,"column":5}},"type":"if","locations":[{"start":{"line":81,"column":4},"end":{"line":84,"column":5}}]},"11":{"loc":{"start":{"line":85,"column":4},"end":{"line":88,"column":5}},"type":"if","locations":[{"start":{"line":85,"column":4},"end":{"line":88,"column":5}}]},"12":{"loc":{"start":{"line":97,"column":4},"end":{"line":103,"column":5}},"type":"if","locations":[{"start":{"line":97,"column":4},"end":{"line":103,"column":5}}]}},"s":{"0":0,"1":0,"2":0,"3":0,"4":0,"5":0,"6":0,"7":0,"8":0,"9":0,"10":0,"11":0,"12":0,"13":0,"14":0,"15":0,"16":0,"17":0,"18":0,"19":0,"20":0,"21":0,"22":0,"23":0,"24":0,"25":0,"26":0,"27":0,"28":0,"29":0,"30":0,"31":0,"32":0,"33":0,"34":0,"35":0,"36":0,"37":0,"38":0,"39":0,"40":0,"41":0,"42":0,"43":0},"f":{"0":0,"1":0,"2":0,"3":0,"4":0,"5":0,"6":0,"7":0,"8":0},"b":{"0":[0],"1":[0],"2":[0,0],"3":[0,0],"4":[0,0],"5":[0],"6":[0],"7":[0,0],"8":[0],"9":[0,0],"10":[0],"11":[0],"12":[0]}}
,"C:\\Users\\aaaap\\Documents\\pyloid\\pyloid-js\\src\\core\\rpc.ts": {"path":"C:\\Users\\aaaap\\Documents\\pyloid\\pyloid-js\\src\\core\\rpc.ts","statementMap":{"0":{"start":{"line":5,"column":0},"end":{"line":5,"column":36}},"1":{"start":{"line":35,"column":10},"end":{"line":35,"column":41}},"2":{"start":{"line":36,"column":10},"end":{"line":36,"column":57}},"3":{"start":{"line":37,"column":10},"end":{"line":37,"column":41}},"4":{"start":{"line":44,"column":4},"end":{"line":47,"column":5}},"5":{"start":{"line":45,"column":6},"end":{"line":45,"column":38}},"6":{"start":{"line":46,"column":6},"end":{"line":46,"column":62}},"7":{"start":{"line":58,"column":4},"end":{"line":68,"column":5}},"8":{"start":{"line":59,"column":6},"end":{"line":59,"column":57}},"9":{"start":{"line":60,"column":18},"end":{"line":60,"column":46}},"10":{"start":{"line":61,"column":6},"end":{"line":61,"column":26}},"11":{"start":{"line":62,"column":6},"end":{"line":62,"column":50}},"12":{"start":{"line":63,"column":6},"end":{"line":63,"column":53}},"13":{"start":{"line":64,"column":6},"end":{"line":64,"column":17}},"14":{"start":{"line":66,"column":6},"end":{"line":66,"column":71}},"15":{"start":{"line":67,"column":6},"end":{"line":67,"column":62}},"16":{"start":{"line":76,"column":4},"end":{"line":82,"column":5}},"17":{"start":{"line":78,"column":6},"end":{"line":80,"column":7}},"18":{"start":{"line":79,"column":8},"end":{"line":79,"column":57}},"19":{"start":{"line":81,"column":6},"end":{"line":81,"column":33}},"20":{"start":{"line":83,"column":4},"end":{"line":85,"column":5}},"21":{"start":{"line":84,"column":6},"end":{"line":84,"column":64}},"22":{"start":{"line":95,"column":4},"end":{"line":95,"column":43}},"23":{"start":{"line":97,"column":4},"end":{"line":99,"column":5}},"24":{"start":{"line":98,"column":6},"end":{"line":98,"column":23}},"25":{"start":{"line":101,"column":39},"end":{"line":106,"column":6}},"26":{"start":{"line":108,"column":21},"end":{"line":114,"column":6}},"27":{"start":{"line":116,"column":37},"end":{"line":116,"column":58}},"28":{"start":{"line":118,"column":4},"end":{"line":120,"column":5}},"29":{"start":{"line":119,"column":6},"end":{"line":119,"column":85}},"30":{"start":{"line":122,"column":4},"end":{"line":122,"column":28}},"31":{"start":{"line":34,"column":0},"end":{"line":34,"column":13}},"32":{"start":{"line":130,"column":13},"end":{"line":130,"column":35}}},"fnMap":{"0":{"name":"(anonymous_0)","decl":{"start":{"line":43,"column":2},"end":{"line":43,"column":14}},"loc":{"start":{"line":43,"column":38},"end":{"line":50,"column":3}}},"1":{"name":"(anonymous_1)","decl":{"start":{"line":57,"column":10},"end":{"line":57,"column":15}},"loc":{"start":{"line":57,"column":34},"end":{"line":69,"column":3}}},"2":{"name":"(anonymous_2)","decl":{"start":{"line":75,"column":10},"end":{"line":75,"column":15}},"loc":{"start":{"line":75,"column":41},"end":{"line":86,"column":3}}},"3":{"name":"(anonymous_3)","decl":{"start":{"line":94,"column":2},"end":{"line":94,"column":7}},"loc":{"start":{"line":94,"column":57},"end":{"line":123,"column":3}}}},"branchMap":{"0":{"loc":{"start":{"line":44,"column":4},"end":{"line":47,"column":5}},"type":"if","locations":[{"start":{"line":44,"column":4},"end":{"line":47,"column":5}}]},"1":{"loc":{"start":{"line":76,"column":4},"end":{"line":82,"column":5}},"type":"if","locations":[{"start":{"line":76,"column":4},"end":{"line":82,"column":5}}]},"2":{"loc":{"start":{"line":78,"column":6},"end":{"line":80,"column":7}},"type":"if","locations":[{"start":{"line":78,"column":6},"end":{"line":80,"column":7}}]},"3":{"loc":{"start":{"line":83,"column":4},"end":{"line":85,"column":5}},"type":"if","locations":[{"start":{"line":83,"column":4},"end":{"line":85,"column":5}}]},"4":{"loc":{"start":{"line":97,"column":4},"end":{"line":99,"column":5}},"type":"if","locations":[{"start":{"line":97,"column":4},"end":{"line":99,"column":5}}]},"5":{"loc":{"start":{"line":118,"column":4},"end":{"line":120,"column":5}},"type":"if","locations":[{"start":{"line":118,"column":4},"end":{"line":120,"column":5}}]}},"s":{"0":0,"1":0,"2":0,"3":0,"4":0,"5":0,"6":0,"7":0,"8":0,"9":0,"10":0,"11":0,"12":0,"13":0,"14":0,"15":0,"16":0,"17":0,"18":0,"19":0,"20":0,"21":0,"22":0,"23":0,"24":0,"25":0,"26":0,"27":0,"28":0,"29":0,"30":0,"31":0,"32":0},"f":{"0":0,"1":0,"2":0,"3":0},"b":{"0":[0],"1":[0],"2":[0],"3":[0],"4":[0],"5":[0]}}
}
