TN:
SF:src\index.ts
FNF:0
FNH:0
DA:1,0
LF:1
LH:0
BRF:0
BRH:0
end_of_record
TN:
SF:src\core\baseAPI.ts
FN:89,(anonymous_0)
FN:107,(anonymous_1)
FN:108,(anonymous_2)
FN:115,(anonymous_3)
FN:116,(anonymous_4)
FN:123,(anonymous_5)
FN:124,(anonymous_6)
FN:131,(anonymous_7)
FN:132,(anonymous_8)
FN:139,(anonymous_9)
FN:140,(anonymous_10)
FN:147,(anonymous_11)
FN:148,(anonymous_12)
FN:155,(anonymous_13)
FN:156,(anonymous_14)
FN:163,(anonymous_15)
FN:164,(anonymous_16)
FN:171,(anonymous_17)
FN:172,(anonymous_18)
FN:179,(anonymous_19)
FN:180,(anonymous_20)
FN:187,(anonymous_21)
FN:188,(anonymous_22)
FN:195,(anonymous_23)
FN:196,(anonymous_24)
FN:203,(anonymous_25)
FN:204,(anonymous_26)
FN:211,(anonymous_27)
FN:212,(anonymous_28)
FN:219,(anonymous_29)
FN:220,(anonymous_30)
FN:227,(anonymous_31)
FN:228,(anonymous_32)
FN:236,(anonymous_33)
FN:237,(anonymous_34)
FN:246,(anonymous_35)
FN:247,(anonymous_36)
FN:256,(anonymous_37)
FN:257,(anonymous_38)
FN:265,(anonymous_39)
FN:266,(anonymous_40)
FN:273,(anonymous_41)
FN:274,(anonymous_42)
FN:281,(anonymous_43)
FN:282,(anonymous_44)
FN:289,(anonymous_45)
FN:290,(anonymous_46)
FN:297,(anonymous_47)
FN:298,(anonymous_48)
FN:306,(anonymous_49)
FN:307,(anonymous_50)
FN:314,(anonymous_51)
FN:315,(anonymous_52)
FN:325,(anonymous_53)
FN:326,(anonymous_54)
FN:334,(anonymous_55)
FN:335,(anonymous_56)
FN:342,(anonymous_57)
FN:343,(anonymous_58)
FN:350,(anonymous_59)
FN:351,(anonymous_60)
FN:358,(anonymous_61)
FN:359,(anonymous_62)
FN:368,(anonymous_63)
FN:369,(anonymous_64)
FN:372,(anonymous_65)
FN:373,(anonymous_66)
FN:391,emitPyloidReadyEvent
FNF:68
FNH:0
FNDA:0,(anonymous_0)
FNDA:0,(anonymous_1)
FNDA:0,(anonymous_2)
FNDA:0,(anonymous_3)
FNDA:0,(anonymous_4)
FNDA:0,(anonymous_5)
FNDA:0,(anonymous_6)
FNDA:0,(anonymous_7)
FNDA:0,(anonymous_8)
FNDA:0,(anonymous_9)
FNDA:0,(anonymous_10)
FNDA:0,(anonymous_11)
FNDA:0,(anonymous_12)
FNDA:0,(anonymous_13)
FNDA:0,(anonymous_14)
FNDA:0,(anonymous_15)
FNDA:0,(anonymous_16)
FNDA:0,(anonymous_17)
FNDA:0,(anonymous_18)
FNDA:0,(anonymous_19)
FNDA:0,(anonymous_20)
FNDA:0,(anonymous_21)
FNDA:0,(anonymous_22)
FNDA:0,(anonymous_23)
FNDA:0,(anonymous_24)
FNDA:0,(anonymous_25)
FNDA:0,(anonymous_26)
FNDA:0,(anonymous_27)
FNDA:0,(anonymous_28)
FNDA:0,(anonymous_29)
FNDA:0,(anonymous_30)
FNDA:0,(anonymous_31)
FNDA:0,(anonymous_32)
FNDA:0,(anonymous_33)
FNDA:0,(anonymous_34)
FNDA:0,(anonymous_35)
FNDA:0,(anonymous_36)
FNDA:0,(anonymous_37)
FNDA:0,(anonymous_38)
FNDA:0,(anonymous_39)
FNDA:0,(anonymous_40)
FNDA:0,(anonymous_41)
FNDA:0,(anonymous_42)
FNDA:0,(anonymous_43)
FNDA:0,(anonymous_44)
FNDA:0,(anonymous_45)
FNDA:0,(anonymous_46)
FNDA:0,(anonymous_47)
FNDA:0,(anonymous_48)
FNDA:0,(anonymous_49)
FNDA:0,(anonymous_50)
FNDA:0,(anonymous_51)
FNDA:0,(anonymous_52)
FNDA:0,(anonymous_53)
FNDA:0,(anonymous_54)
FNDA:0,(anonymous_55)
FNDA:0,(anonymous_56)
FNDA:0,(anonymous_57)
FNDA:0,(anonymous_58)
FNDA:0,(anonymous_59)
FNDA:0,(anonymous_60)
FNDA:0,(anonymous_61)
FNDA:0,(anonymous_62)
FNDA:0,(anonymous_63)
FNDA:0,(anonymous_64)
FNDA:0,(anonymous_65)
FNDA:0,(anonymous_66)
FNDA:0,emitPyloidReadyEvent
DA:1,0
DA:80,0
DA:91,0
DA:92,0
DA:96,0
DA:97,0
DA:100,0
DA:108,0
DA:116,0
DA:124,0
DA:132,0
DA:140,0
DA:148,0
DA:156,0
DA:164,0
DA:172,0
DA:180,0
DA:188,0
DA:196,0
DA:204,0
DA:212,0
DA:220,0
DA:228,0
DA:237,0
DA:247,0
DA:257,0
DA:266,0
DA:274,0
DA:282,0
DA:290,0
DA:298,0
DA:307,0
DA:315,0
DA:326,0
DA:335,0
DA:343,0
DA:351,0
DA:359,0
DA:369,0
DA:373,0
DA:382,0
DA:391,0
DA:392,0
LF:43
LH:0
BRDA:91,0,0,0
BRDA:96,1,0,0
BRF:2
BRH:0
end_of_record
TN:
SF:src\core\event.ts
FN:10,(anonymous_0)
FN:18,(anonymous_1)
FN:28,(anonymous_2)
FN:49,(anonymous_3)
FN:52,(anonymous_4)
FN:66,(anonymous_5)
FN:67,(anonymous_6)
FNF:7
FNH:0
FNDA:0,(anonymous_0)
FNDA:0,(anonymous_1)
FNDA:0,(anonymous_2)
FNDA:0,(anonymous_3)
FNDA:0,(anonymous_4)
FNDA:0,(anonymous_5)
FNDA:0,(anonymous_6)
DA:10,0
DA:11,0
DA:20,0
DA:21,0
DA:25,0
DA:28,0
DA:30,0
DA:31,0
DA:33,0
DA:35,0
DA:39,0
DA:42,0
DA:51,0
DA:52,0
DA:53,0
DA:54,0
DA:55,0
DA:59,0
DA:67,0
DA:68,0
DA:74,0
LF:21
LH:0
BRDA:20,0,0,0
BRDA:31,1,0,0
BRDA:31,1,1,0
BRDA:51,2,0,0
BRDA:54,3,0,0
BRF:5
BRH:0
end_of_record
TN:
SF:src\core\http.ts
FN:60,initializeServerUrl
FN:89,initializeWindowId
FN:121,buildUrl
FN:149,ensureServerUrlInitialized
FN:180,ensureWindowIdInitialized
FN:338,fetch
FN:397,getServerUrl
FN:431,isServerUrlReady
FN:465,getWindowId
FN:499,isWindowIdReady
FNF:10
FNH:0
FNDA:0,initializeServerUrl
FNDA:0,initializeWindowId
FNDA:0,buildUrl
FNDA:0,ensureServerUrlInitialized
FNDA:0,ensureWindowIdInitialized
FNDA:0,fetch
FNDA:0,getServerUrl
FNDA:0,isServerUrlReady
FNDA:0,getWindowId
FNDA:0,isWindowIdReady
DA:24,0
DA:38,0
DA:39,0
DA:40,0
DA:41,0
DA:61,0
DA:62,0
DA:63,0
DA:64,0
DA:65,0
DA:66,0
DA:68,0
DA:69,0
DA:90,0
DA:91,0
DA:92,0
DA:93,0
DA:94,0
DA:95,0
DA:97,0
DA:98,0
DA:123,0
DA:124,0
DA:128,0
DA:131,0
DA:134,0
DA:150,0
DA:151,0
DA:152,0
DA:154,0
DA:156,0
DA:157,0
DA:181,0
DA:182,0
DA:183,0
DA:185,0
DA:187,0
DA:188,0
DA:338,0
DA:340,0
DA:343,0
DA:346,0
DA:348,0
DA:351,0
DA:359,0
DA:360,0
DA:362,0
DA:363,0
DA:397,0
DA:398,0
DA:431,0
DA:432,0
DA:465,0
DA:466,0
DA:499,0
DA:500,0
DA:538,0
LF:57
LH:0
BRDA:123,0,0,0
BRDA:123,1,0,0
BRDA:123,1,1,0
BRDA:150,2,0,0
BRDA:151,3,0,0
BRDA:156,4,0,0
BRDA:181,5,0,0
BRDA:182,6,0,0
BRDA:187,7,0,0
BRDA:338,8,0,0
BRF:10
BRH:0
end_of_record
TN:
SF:src\core\index.ts
FNF:0
FNH:0
DA:3,0
DA:4,0
DA:5,0
DA:6,0
DA:7,0
LF:5
LH:0
BRF:0
BRH:0
end_of_record
TN:
SF:src\core\pyloidReadyManager.ts
FN:20,(anonymous_0)
FN:21,(anonymous_1)
FN:26,(anonymous_2)
FN:36,(anonymous_3)
FN:45,(anonymous_4)
FN:80,(anonymous_5)
FN:96,(anonymous_6)
FN:110,(anonymous_7)
FN:120,(anonymous_8)
FNF:9
FNH:0
FNDA:0,(anonymous_0)
FNDA:0,(anonymous_1)
FNDA:0,(anonymous_2)
FNDA:0,(anonymous_3)
FNDA:0,(anonymous_4)
FNDA:0,(anonymous_5)
FNDA:0,(anonymous_6)
FNDA:0,(anonymous_7)
FNDA:0,(anonymous_8)
DA:6,0
DA:7,0
DA:11,0
DA:12,0
DA:20,0
DA:21,0
DA:22,0
DA:23,0
DA:26,0
DA:28,0
DA:29,0
DA:30,0
DA:31,0
DA:32,0
DA:36,0
DA:37,0
DA:38,0
DA:39,0
DA:40,0
DA:45,0
DA:46,0
DA:47,0
DA:50,0
DA:51,0
DA:56,0
DA:62,0
DA:63,0
DA:67,0
DA:70,0
DA:81,0
DA:82,0
DA:83,0
DA:85,0
DA:86,0
DA:87,0
DA:97,0
DA:99,0
DA:100,0
DA:101,0
DA:102,0
DA:111,0
DA:121,0
DA:129,0
LF:43
LH:0
BRDA:20,0,0,0
BRDA:20,1,0,0
BRDA:28,2,0,0
BRDA:28,2,1,0
BRDA:28,3,0,0
BRDA:28,3,1,0
BRDA:31,4,0,0
BRDA:31,4,1,0
BRDA:37,5,0,0
BRDA:46,6,0,0
BRDA:62,7,0,0
BRDA:62,7,1,0
BRDA:67,8,0,0
BRDA:67,9,0,0
BRDA:67,9,1,0
BRDA:81,10,0,0
BRDA:85,11,0,0
BRDA:97,12,0,0
BRF:18
BRH:0
end_of_record
TN:
SF:src\core\rpc.ts
FN:43,(anonymous_0)
FN:57,(anonymous_1)
FN:75,(anonymous_2)
FN:94,(anonymous_3)
FNF:4
FNH:0
FNDA:0,(anonymous_0)
FNDA:0,(anonymous_1)
FNDA:0,(anonymous_2)
FNDA:0,(anonymous_3)
DA:5,0
DA:34,0
DA:35,0
DA:36,0
DA:37,0
DA:44,0
DA:45,0
DA:46,0
DA:58,0
DA:59,0
DA:60,0
DA:61,0
DA:62,0
DA:63,0
DA:64,0
DA:66,0
DA:67,0
DA:76,0
DA:78,0
DA:79,0
DA:81,0
DA:83,0
DA:84,0
DA:95,0
DA:97,0
DA:98,0
DA:101,0
DA:108,0
DA:116,0
DA:118,0
DA:119,0
DA:122,0
DA:130,0
LF:33
LH:0
BRDA:44,0,0,0
BRDA:76,1,0,0
BRDA:78,2,0,0
BRDA:83,3,0,0
BRDA:97,4,0,0
BRDA:118,5,0,0
BRF:6
BRH:0
end_of_record
